[INFO] Scanning for projects...
[WARNING] 
[WARNING] Some problems were encountered while building the effective model for com.hx2car:hx2car-core:jar:1.0.6
[WARNING] 'dependencyManagement.dependencies.dependency.(groupId:artifactId:type:classifier)' must be unique: com.alibaba.boot:dubbo-spring-boot-starter:jar -> version ${dubbo-spring-boot-starter.version} vs 0.2.0 @ com.hx2car:hx2car:1.0.6, D:\java2Space\hx2car\pom.xml, line 126, column 25
[WARNING] 
[WARNING] Some problems were encountered while building the effective model for com.hx2car:hx2car-api-saleCars:jar:1.0.6
[WARNING] 'dependencies.dependency.(groupId:artifactId:type:classifier)' must be unique: com.hx2car:hx2car-common:jar -> duplicate declaration of version 1.0.6 @ com.hx2car:hx2car-api-saleCars:[unknown-version], D:\java2Space\hx2car\hx2car-api\hx2car-api-saleCars\pom.xml, line 113, column 21
[WARNING] 'dependencies.dependency.(groupId:artifactId:type:classifier)' must be unique: com.hx2car:hx2car-service-saleCars:jar -> duplicate declaration of version 1.0.6 @ com.hx2car:hx2car-api-saleCars:[unknown-version], D:\java2Space\hx2car\hx2car-api\hx2car-api-saleCars\pom.xml, line 125, column 21
[WARNING] 'dependencies.dependency.(groupId:artifactId:type:classifier)' must be unique: com.hx2car:hx2car-service-saleCars:jar -> duplicate declaration of version 1.0.6 @ com.hx2car:hx2car-api-saleCars:[unknown-version], D:\java2Space\hx2car\hx2car-api\hx2car-api-saleCars\pom.xml, line 131, column 21
[WARNING] 
[WARNING] Some problems were encountered while building the effective model for com.hx2car:hx2car:pom:1.0.6
[WARNING] 'dependencyManagement.dependencies.dependency.(groupId:artifactId:type:classifier)' must be unique: com.alibaba.boot:dubbo-spring-boot-starter:jar -> version ${dubbo-spring-boot-starter.version} vs 0.2.0 @ line 126, column 25
[WARNING] 
[WARNING] It is highly recommended to fix these problems because they threaten the stability of your build.
[WARNING] 
[WARNING] For this reason, future Maven versions might no longer support building such malformed projects.
[WARNING] 
[INFO] ------------------------------------------------------------------------
[INFO] Reactor Build Order:
[INFO] 
[INFO] hx2car                                                             [pom]
[INFO] hx2car-core                                                        [jar]
[INFO] hx2car-common                                                      [jar]
[INFO] hx2car-service                                                     [pom]
[INFO] hx2car-service-pubnet                                              [jar]
[INFO] hx2car-service-mongodb                                             [jar]
[INFO] hx2car-service-send                                                [jar]
[INFO] hx2car-service-saleCars                                            [jar]
[INFO] hx2car-api                                                         [pom]
[INFO] hx2car-api-saleCars                                                [jar]
[INFO] hx2car-service-weibao                                              [jar]
[INFO] hx2car-service-buyCars                                             [jar]
[INFO] hx2car-service-vehicle                                             [jar]
[INFO] hx2car-api-buyCars                                                 [jar]
[INFO] hx2car-api-vehicle                                                 [jar]
[INFO] hx2car-scheduler                                                   [jar]
[INFO] 
[INFO] -------------------------< com.hx2car:hx2car >--------------------------
[INFO] Building hx2car 1.0.6                                             [1/16]
[INFO] --------------------------------[ pom ]---------------------------------
[INFO] 
[INFO] --- maven-dependency-plugin:2.8:tree (default-cli) @ hx2car ---
[INFO] com.hx2car:hx2car:pom:1.0.6
[INFO] +- org.projectlombok:lombok:jar:1.18.10:provided
[INFO] +- com.alibaba:fastjson:jar:1.2.46:compile
[INFO] \- com.alibaba.boot:nacos-config-spring-boot-starter:jar:0.2.7:compile
[INFO]    +- org.springframework.boot:spring-boot-starter:jar:2.2.1.RELEASE:compile
[INFO]    |  +- org.springframework.boot:spring-boot:jar:2.2.1.RELEASE:compile
[INFO]    |  +- org.springframework.boot:spring-boot-autoconfigure:jar:2.2.1.RELEASE:compile
[INFO]    |  +- org.springframework.boot:spring-boot-starter-logging:jar:2.2.1.RELEASE:compile
[INFO]    |  |  +- ch.qos.logback:logback-classic:jar:1.2.3:compile
[INFO]    |  |  |  +- ch.qos.logback:logback-core:jar:1.2.3:compile
[INFO]    |  |  |  \- org.slf4j:slf4j-api:jar:1.7.29:compile
[INFO]    |  |  +- org.apache.logging.log4j:log4j-to-slf4j:jar:2.12.1:compile
[INFO]    |  |  |  \- org.apache.logging.log4j:log4j-api:jar:2.12.1:compile
[INFO]    |  |  \- org.slf4j:jul-to-slf4j:jar:1.7.29:compile
[INFO]    |  +- jakarta.annotation:jakarta.annotation-api:jar:1.3.5:compile
[INFO]    |  +- org.springframework:spring-core:jar:5.2.1.RELEASE:compile
[INFO]    |  |  \- org.springframework:spring-jcl:jar:5.2.1.RELEASE:compile
[INFO]    |  \- org.yaml:snakeyaml:jar:1.25:compile
[INFO]    +- com.alibaba.nacos:nacos-spring-context:jar:0.3.6:compile
[INFO]    |  +- javax.annotation:javax.annotation-api:jar:1.3.2:compile
[INFO]    |  +- com.alibaba.nacos:nacos-client:jar:1.2.0:compile
[INFO]    |  |  +- com.alibaba.nacos:nacos-common:jar:1.2.0:compile
[INFO]    |  |  |  +- commons-io:commons-io:jar:2.2:compile
[INFO]    |  |  |  \- org.apache.commons:commons-lang3:jar:3.9:compile
[INFO]    |  |  +- com.alibaba.nacos:nacos-api:jar:1.2.0:compile
[INFO]    |  |  +- com.google.guava:guava:jar:29.0-jre:compile
[INFO]    |  |  |  +- com.google.guava:failureaccess:jar:1.0.1:compile
[INFO]    |  |  |  +- com.google.guava:listenablefuture:jar:9999.0-empty-to-avoid-conflict-with-guava:compile
[INFO]    |  |  |  +- com.google.code.findbugs:jsr305:jar:3.0.2:compile
[INFO]    |  |  |  +- org.checkerframework:checker-qual:jar:2.11.1:compile
[INFO]    |  |  |  +- com.google.errorprone:error_prone_annotations:jar:2.3.4:compile
[INFO]    |  |  |  \- com.google.j2objc:j2objc-annotations:jar:1.3:compile
[INFO]    |  |  +- commons-codec:commons-codec:jar:1.13:compile
[INFO]    |  |  +- com.fasterxml.jackson.core:jackson-core:jar:2.10.0:compile
[INFO]    |  |  +- com.fasterxml.jackson.core:jackson-databind:jar:2.10.0:compile
[INFO]    |  |  |  \- com.fasterxml.jackson.core:jackson-annotations:jar:2.10.0:compile
[INFO]    |  |  \- io.prometheus:simpleclient:jar:0.5.0:compile
[INFO]    |  +- org.springframework:spring-context:jar:5.2.1.RELEASE:compile
[INFO]    |  |  +- org.springframework:spring-aop:jar:5.2.1.RELEASE:compile
[INFO]    |  |  +- org.springframework:spring-beans:jar:5.2.1.RELEASE:compile
[INFO]    |  |  \- org.springframework:spring-expression:jar:5.2.1.RELEASE:compile
[INFO]    |  \- com.alibaba.spring:spring-context-support:jar:1.0.5:compile
[INFO]    +- com.alibaba.boot:nacos-config-spring-boot-autoconfigure:jar:0.2.7:compile
[INFO]    \- com.alibaba.boot:nacos-spring-boot-base:jar:0.2.7:compile
[INFO] 
[INFO] -----------------------< com.hx2car:hx2car-core >-----------------------
[INFO] Building hx2car-core 1.0.6                                        [2/16]
[INFO] --------------------------------[ jar ]---------------------------------
[INFO] 
[INFO] --- maven-dependency-plugin:2.8:tree (default-cli) @ hx2car-core ---
[INFO] com.hx2car:hx2car-core:jar:1.0.6
[INFO] +- org.springframework.boot:spring-boot-starter-validation:jar:2.2.1.RELEASE:compile
[INFO] |  +- org.springframework.boot:spring-boot-starter:jar:2.2.1.RELEASE:compile
[INFO] |  |  +- org.springframework.boot:spring-boot:jar:2.2.1.RELEASE:compile
[INFO] |  |  +- org.springframework.boot:spring-boot-autoconfigure:jar:2.2.1.RELEASE:compile
[INFO] |  |  +- org.springframework.boot:spring-boot-starter-logging:jar:2.2.1.RELEASE:compile
[INFO] |  |  |  +- ch.qos.logback:logback-classic:jar:1.2.3:compile
[INFO] |  |  |  |  \- ch.qos.logback:logback-core:jar:1.2.3:compile
[INFO] |  |  |  +- org.apache.logging.log4j:log4j-to-slf4j:jar:2.12.1:compile
[INFO] |  |  |  |  \- org.apache.logging.log4j:log4j-api:jar:2.12.1:compile
[INFO] |  |  |  \- org.slf4j:jul-to-slf4j:jar:1.7.29:compile
[INFO] |  |  +- jakarta.annotation:jakarta.annotation-api:jar:1.3.5:compile
[INFO] |  |  \- org.yaml:snakeyaml:jar:1.25:compile
[INFO] |  +- jakarta.validation:jakarta.validation-api:jar:2.0.1:compile
[INFO] |  +- org.apache.tomcat.embed:tomcat-embed-el:jar:9.0.27:compile
[INFO] |  \- org.hibernate.validator:hibernate-validator:jar:6.0.18.Final:compile
[INFO] |     +- org.jboss.logging:jboss-logging:jar:3.4.1.Final:compile
[INFO] |     \- com.fasterxml:classmate:jar:1.5.1:compile
[INFO] +- org.springframework.boot:spring-boot-starter-aop:jar:2.2.1.RELEASE:compile
[INFO] |  +- org.springframework:spring-aop:jar:5.2.1.RELEASE:compile
[INFO] |  \- org.aspectj:aspectjweaver:jar:1.9.4:compile
[INFO] +- org.projectlombok:lombok:jar:1.18.10:provided
[INFO] +- io.jsonwebtoken:jjwt-api:jar:0.11.2:compile
[INFO] +- io.jsonwebtoken:jjwt-impl:jar:0.11.2:runtime
[INFO] +- io.jsonwebtoken:jjwt-jackson:jar:0.11.2:runtime
[INFO] |  \- com.fasterxml.jackson.core:jackson-databind:jar:2.10.0:compile
[INFO] |     +- com.fasterxml.jackson.core:jackson-annotations:jar:2.10.0:compile
[INFO] |     \- com.fasterxml.jackson.core:jackson-core:jar:2.10.0:compile
[INFO] +- com.taobao.tair:tair-client:jar:2.3.4:compile
[INFO] |  +- org.apache.mina:mina-core:jar:1.1.7:compile
[INFO] |  |  \- org.slf4j:slf4j-api:jar:1.7.29:compile
[INFO] |  +- commons-logging:commons-logging:jar:1.1:compile
[INFO] |  |  \- logkit:logkit:jar:1.0.1:compile
[INFO] |  \- commons-lang:commons-lang:jar:2.3:compile
[INFO] +- org.springframework:spring-web:jar:5.2.7.RELEASE:compile
[INFO] |  +- org.springframework:spring-beans:jar:5.2.1.RELEASE:compile
[INFO] |  \- org.springframework:spring-core:jar:5.2.1.RELEASE:compile
[INFO] |     \- org.springframework:spring-jcl:jar:5.2.1.RELEASE:compile
[INFO] +- org.apache.tomcat.embed:tomcat-embed-core:jar:9.0.27:compile
[INFO] |  \- org.apache.tomcat:tomcat-annotations-api:jar:9.0.27:compile
[INFO] +- com.alibaba:dubbo:jar:2.6.5:compile
[INFO] |  +- org.springframework:spring-context:jar:5.2.1.RELEASE:compile
[INFO] |  |  \- org.springframework:spring-expression:jar:5.2.1.RELEASE:compile
[INFO] |  +- org.javassist:javassist:jar:3.20.0-GA:compile
[INFO] |  \- org.jboss.netty:netty:jar:3.2.5.Final:compile
[INFO] +- com.alibaba:fastjson:jar:1.2.46:compile
[INFO] \- com.alibaba.boot:nacos-config-spring-boot-starter:jar:0.2.7:compile
[INFO]    +- com.alibaba.nacos:nacos-spring-context:jar:0.3.6:compile
[INFO]    |  +- javax.annotation:javax.annotation-api:jar:1.3.2:compile
[INFO]    |  +- com.alibaba.nacos:nacos-client:jar:1.2.0:compile
[INFO]    |  |  +- com.alibaba.nacos:nacos-common:jar:1.2.0:compile
[INFO]    |  |  |  +- commons-io:commons-io:jar:2.2:compile
[INFO]    |  |  |  \- org.apache.commons:commons-lang3:jar:3.9:compile
[INFO]    |  |  +- com.alibaba.nacos:nacos-api:jar:1.2.0:compile
[INFO]    |  |  +- com.google.guava:guava:jar:29.0-jre:compile
[INFO]    |  |  |  +- com.google.guava:failureaccess:jar:1.0.1:compile
[INFO]    |  |  |  +- com.google.guava:listenablefuture:jar:9999.0-empty-to-avoid-conflict-with-guava:compile
[INFO]    |  |  |  +- com.google.code.findbugs:jsr305:jar:3.0.2:compile
[INFO]    |  |  |  +- org.checkerframework:checker-qual:jar:2.11.1:compile
[INFO]    |  |  |  +- com.google.errorprone:error_prone_annotations:jar:2.3.4:compile
[INFO]    |  |  |  \- com.google.j2objc:j2objc-annotations:jar:1.3:compile
[INFO]    |  |  +- commons-codec:commons-codec:jar:1.13:compile
[INFO]    |  |  \- io.prometheus:simpleclient:jar:0.5.0:compile
[INFO]    |  \- com.alibaba.spring:spring-context-support:jar:1.0.5:compile
[INFO]    +- com.alibaba.boot:nacos-config-spring-boot-autoconfigure:jar:0.2.7:compile
[INFO]    \- com.alibaba.boot:nacos-spring-boot-base:jar:0.2.7:compile
[INFO] 
[INFO] ----------------------< com.hx2car:hx2car-common >----------------------
[INFO] Building hx2car-common 1.0.6                                      [3/16]
[INFO] --------------------------------[ jar ]---------------------------------
[INFO] ------------------------------------------------------------------------
[INFO] Reactor Summary:
[INFO] 
[INFO] hx2car 1.0.6 ....................................... SUCCESS [  0.677 s]
[INFO] hx2car-core ........................................ SUCCESS [  0.092 s]
[INFO] hx2car-common ...................................... FAILURE [  0.213 s]
[INFO] hx2car-service ..................................... SKIPPED
[INFO] hx2car-service-pubnet .............................. SKIPPED
[INFO] hx2car-service-mongodb ............................. SKIPPED
[INFO] hx2car-service-send ................................ SKIPPED
[INFO] hx2car-service-saleCars ............................ SKIPPED
[INFO] hx2car-api ......................................... SKIPPED
[INFO] hx2car-api-saleCars ................................ SKIPPED
[INFO] hx2car-service-weibao .............................. SKIPPED
[INFO] hx2car-service-buyCars ............................. SKIPPED
[INFO] hx2car-service-vehicle ............................. SKIPPED
[INFO] hx2car-api-buyCars ................................. SKIPPED
[INFO] hx2car-api-vehicle ................................. SKIPPED
[INFO] hx2car-scheduler 1.0.6 ............................. SKIPPED
[INFO] ------------------------------------------------------------------------
[INFO] BUILD FAILURE
[INFO] ------------------------------------------------------------------------
[INFO] Total time: 1.402 s
[INFO] Finished at: 2020-12-11T11:24:29+08:00
[INFO] ------------------------------------------------------------------------
[ERROR] Failed to execute goal on project hx2car-common: Could not resolve dependencies for project com.hx2car:hx2car-common:jar:1.0.6: Failure to find com.hx2car:hx2car-core:jar:1.0.6 in http://10.90.60.229:8089/repository/maven-public/ was cached in the local repository, resolution will not be reattempted until the update interval of nexus has elapsed or updates are forced -> [Help 1]
[ERROR] 
[ERROR] To see the full stack trace of the errors, re-run Maven with the -e switch.
[ERROR] Re-run Maven using the -X switch to enable full debug logging.
[ERROR] 
[ERROR] For more information about the errors and possible solutions, please read the following articles:
[ERROR] [Help 1] http://cwiki.apache.org/confluence/display/MAVEN/DependencyResolutionException
[ERROR] 
[ERROR] After correcting the problems, you can resume the build with the command
[ERROR]   mvn <goals> -rf :hx2car-common
